Problem:    simpleforge
Rows:       7
Columns:    9 (9 integer, 5 binary)
Non-zeros:  37
Status:     INTEGER OPTIMAL
Objective:  Profit = 205 (MAXimum)

   No.   Row name        Activity     Lower bound   Upper bound
------ ------------    ------------- ------------- -------------
     1 OneTargetedPositionPerGB
                                   1                           1 
     2 PointsToContributeCantExceedStoredFp
                                  65                        5000 
     3 SetPointsToContribute
                                   0            -0               
     4 SetFPsGained                0            -0             = 
     5 SetBPsGained                0            -0             = 
     6 SetMedalsGained
                                   0            -0             = 
     7 Profit                    205                             

   No. Column name       Activity     Lower bound   Upper bound
------ ------------    ------------- ------------- -------------
     1 TargetedPosition[1]
                    *              1             0             1 
     2 TargetedPosition[2]
                    *              0             0             1 
     3 TargetedPosition[3]
                    *              0             0             1 
     4 TargetedPosition[4]
                    *              0             0             1 
     5 TargetedPosition[5]
                    *              0             0             1 
     6 PointsToContribute
                    *             65             0               
     7 FPsGained    *            205             0               
     8 BPsGained    *             18             0               
     9 MedalsGained *            810             0               

Integer feasibility conditions:

KKT.PE: max.abs.err = 0.00e+00 on row 0
        max.rel.err = 0.00e+00 on row 0
        High quality

KKT.PB: max.abs.err = 0.00e+00 on row 0
        max.rel.err = 0.00e+00 on row 0
        High quality

End of output
